<?xml version="1.0" encoding="UTF-8"?>
<testng-results skipped="0" failed="1" total="1" passed="0">
  <reporter-output>
  </reporter-output>
  <suite name="Default suite" duration-ms="6273" started-at="2022-01-22T14:57:05Z" finished-at="2022-01-22T14:57:11Z">
    <groups>
    </groups>
    <test name="Default test" duration-ms="6273" started-at="2022-01-22T14:57:05Z" finished-at="2022-01-22T14:57:11Z">
      <class name="tests.NewUserOrderCheckout">
        <test-method status="PASS" signature="Start()[pri:0, instance:tests.NewUserOrderCheckout@1794d431]" name="Start" is-config="true" duration-ms="367" started-at="2022-01-22T16:57:05Z" finished-at="2022-01-22T16:57:05Z">
          <reporter-output>
          </reporter-output>
        </test-method> <!-- Start -->
        <test-method status="PASS" signature="startDriver()[pri:0, instance:tests.NewUserOrderCheckout@1794d431]" name="startDriver" is-config="true" duration-ms="3126" started-at="2022-01-22T16:57:05Z" finished-at="2022-01-22T16:57:08Z">
          <reporter-output>
          </reporter-output>
        </test-method> <!-- startDriver -->
        <test-method status="PASS" signature="initPageObject()[pri:0, instance:tests.NewUserOrderCheckout@1794d431]" name="initPageObject" is-config="true" duration-ms="65" started-at="2022-01-22T16:57:08Z" finished-at="2022-01-22T16:57:08Z">
          <reporter-output>
          </reporter-output>
        </test-method> <!-- initPageObject -->
        <test-method status="PASS" signature="setLogs(java.lang.reflect.Method)[pri:0, instance:tests.NewUserOrderCheckout@1794d431]" name="setLogs" is-config="true" duration-ms="3" started-at="2022-01-22T16:57:09Z" finished-at="2022-01-22T16:57:09Z">
          <params>
            <param index="0">
              <value>
                <![CDATA[public void tests.NewUserOrderCheckout.Check_Website_Redirection(java.lang.String)]]>
              </value>
            </param>
          </params>
          <reporter-output>
          </reporter-output>
        </test-method> <!-- setLogs -->
        <test-method status="FAIL" signature="Check_Website_Redirection(java.lang.String)[pri:1, instance:tests.NewUserOrderCheckout@1794d431]" name="Check_Website_Redirection" duration-ms="1323" started-at="2022-01-22T16:57:09Z" description="Check the redirection of the URL" data-provider="Sheet_email" finished-at="2022-01-22T16:57:10Z">
          <params>
            <param index="0">
              <value>
                <![CDATA[ubmntjgc@sharklasers.com]]>
              </value>
            </param>
          </params>
          <exception class="java.lang.AssertionError">
            <message>
              <![CDATA[expected [My Store] but found [automationpractice.com]]]>
            </message>
            <full-stacktrace>
              <![CDATA[java.lang.AssertionError: expected [My Store] but found [automationpractice.com]
	at org.testng.Assert.fail(Assert.java:94)
	at org.testng.Assert.failNotEquals(Assert.java:513)
	at org.testng.Assert.assertEqualsImpl(Assert.java:135)
	at org.testng.Assert.assertEquals(Assert.java:116)
	at org.testng.Assert.assertEquals(Assert.java:190)
	at org.testng.Assert.assertEquals(Assert.java:200)
	at tests.NewUserOrderCheckout.Check_Website_Redirection(NewUserOrderCheckout.java:122)
	at sun.reflect.NativeMethodAccessorImpl.invoke0(Native Method)
	at sun.reflect.NativeMethodAccessorImpl.invoke(Unknown Source)
	at sun.reflect.DelegatingMethodAccessorImpl.invoke(Unknown Source)
	at java.lang.reflect.Method.invoke(Unknown Source)
	at org.testng.internal.MethodInvocationHelper.invokeMethod(MethodInvocationHelper.java:100)
	at org.testng.internal.Invoker.invokeMethod(Invoker.java:646)
	at org.testng.internal.Invoker.invokeTestMethod(Invoker.java:811)
	at org.testng.internal.Invoker.invokeTestMethods(Invoker.java:1129)
	at org.testng.internal.TestMethodWorker.invokeTestMethods(TestMethodWorker.java:129)
	at org.testng.internal.TestMethodWorker.run(TestMethodWorker.java:112)
	at org.testng.TestRunner.privateRun(TestRunner.java:746)
	at org.testng.TestRunner.run(TestRunner.java:600)
	at org.testng.SuiteRunner.runTest(SuiteRunner.java:366)
	at org.testng.SuiteRunner.runSequentially(SuiteRunner.java:361)
	at org.testng.SuiteRunner.privateRun(SuiteRunner.java:319)
	at org.testng.SuiteRunner.run(SuiteRunner.java:268)
	at org.testng.SuiteRunnerWorker.runSuite(SuiteRunnerWorker.java:52)
	at org.testng.SuiteRunnerWorker.run(SuiteRunnerWorker.java:86)
	at org.testng.TestNG.runSuitesSequentially(TestNG.java:1264)
	at org.testng.TestNG.runSuitesLocally(TestNG.java:1189)
	at org.testng.TestNG.runSuites(TestNG.java:1104)
	at org.testng.TestNG.run(TestNG.java:1076)
	at org.testng.remote.AbstractRemoteTestNG.run(AbstractRemoteTestNG.java:126)
	at org.testng.remote.RemoteTestNG.initAndRun(RemoteTestNG.java:152)
	at org.testng.remote.RemoteTestNG.main(RemoteTestNG.java:57)
]]>
            </full-stacktrace>
          </exception> <!-- java.lang.AssertionError -->
          <reporter-output>
          </reporter-output>
        </test-method> <!-- Check_Website_Redirection -->
        <test-method status="PASS" signature="screenshotOnFailure(org.testng.ITestResult)[pri:0, instance:tests.NewUserOrderCheckout@1794d431]" name="screenshotOnFailure" is-config="true" duration-ms="183" started-at="2022-01-22T16:57:10Z" finished-at="2022-01-22T16:57:10Z">
          <params>
            <param index="0">
              <value>
                <![CDATA[[TestResult name=Check_Website_Redirection status=FAILURE method=NewUserOrderCheckout.Check_Website_Redirection(java.lang.String)[pri:1, instance:tests.NewUserOrderCheckout@1794d431] output={null}]]]>
              </value>
            </param>
          </params>
          <reporter-output>
          </reporter-output>
        </test-method> <!-- screenshotOnFailure -->
        <test-method status="PASS" signature="exitDriver()[pri:0, instance:tests.NewUserOrderCheckout@1794d431]" name="exitDriver" is-config="true" duration-ms="814" started-at="2022-01-22T16:57:10Z" finished-at="2022-01-22T16:57:11Z">
          <reporter-output>
          </reporter-output>
        </test-method> <!-- exitDriver -->
        <test-method status="PASS" signature="End()[pri:0, instance:tests.NewUserOrderCheckout@1794d431]" name="End" is-config="true" duration-ms="322" started-at="2022-01-22T16:57:11Z" finished-at="2022-01-22T16:57:12Z">
          <reporter-output>
          </reporter-output>
        </test-method> <!-- End -->
      </class> <!-- tests.NewUserOrderCheckout -->
    </test> <!-- Default test -->
  </suite> <!-- Default suite -->
</testng-results>
